/sys/block/fd0/dev
/sys/block/md0/dev
/sys/block/hdc/dev
/sys/block/hda/hda3/dev
/sys/block/hda/hda2/dev
/sys/block/hda/hda1/dev
/sys/block/hda/dev
/sys/block/ram15/dev
/sys/block/ram14/dev
/sys/block/ram13/dev
/sys/block/ram12/dev
/sys/block/ram11/dev
/sys/block/ram10/dev
/sys/block/ram9/dev
/sys/block/ram8/dev
/sys/block/ram7/dev
/sys/block/ram6/dev
/sys/block/ram5/dev
/sys/block/ram4/dev
/sys/block/ram3/dev
/sys/block/ram2/dev
/sys/block/ram1/dev
/sys/block/ram0/dev
/sys/class/sound/adsp/dev
/sys/class/sound/audio/dev
/sys/class/sound/dsp/dev
/sys/class/sound/mixer/dev
/sys/class/sound/pcmC0D0c/dev
/sys/class/sound/pcmC0D0p/dev
/sys/class/sound/pcmC0D1c/dev
/sys/class/sound/timer/dev
/sys/class/sound/controlC0/dev
/sys/class/printer/lp0/dev
/sys/class/drm/r128/dev
/sys/class/netlink/tap15/dev
/sys/class/netlink/tap14/dev
/sys/class/netlink/tap13/dev
/sys/class/netlink/tap12/dev
/sys/class/netlink/tap11/dev
/sys/class/netlink/tap10/dev
/sys/class/netlink/tap9/dev
/sys/class/netlink/tap8/dev
/sys/class/netlink/tap7/dev
/sys/class/netlink/tap6/dev
/sys/class/netlink/tap5/dev
/sys/class/netlink/tap4/dev
/sys/class/netlink/tap3/dev
/sys/class/netlink/tap2/dev
/sys/class/netlink/tap1/dev
/sys/class/netlink/tap0/dev
/sys/class/netlink/dnrtmsg/dev
/sys/class/netlink/ip6_fw/dev
/sys/class/netlink/route6/dev
/sys/class/netlink/arpd/dev
/sys/class/netlink/xfrm/dev
/sys/class/netlink/nflog/dev
/sys/class/netlink/tcpdiag/dev
/sys/class/netlink/fwmonitor/dev
/sys/class/netlink/usersock/dev
/sys/class/netlink/skip/dev
/sys/class/netlink/route/dev
/sys/class/vc/vcsa7/dev
/sys/class/vc/vcs7/dev
/sys/class/vc/vcsa6/dev
/sys/class/vc/vcs6/dev
/sys/class/vc/vcsa5/dev
/sys/class/vc/vcs5/dev
/sys/class/vc/vcsa4/dev
/sys/class/vc/vcs4/dev
/sys/class/vc/vcsa3/dev
/sys/class/vc/vcs3/dev
/sys/class/vc/vcsa2/dev
/sys/class/vc/vcs2/dev
/sys/class/vc/vcsa1/dev
/sys/class/vc/vcs1/dev
/sys/class/vc/vcsa/dev
/sys/class/vc/vcs/dev
/sys/class/mem/kmsg/dev
/sys/class/mem/urandom/dev
/sys/class/mem/random/dev
/sys/class/mem/full/dev
/sys/class/mem/zero/dev
/sys/class/mem/port/dev
/sys/class/mem/null/dev
/sys/class/mem/kmem/dev
/sys/class/mem/mem/dev
/sys/class/input/event1/dev
/sys/class/input/event0/dev
/sys/class/input/mouse0/dev
/sys/class/input/mice/dev
/sys/class/misc/device-mapper/dev
/sys/class/misc/agpgart/dev
/sys/class/misc/rtc/dev
/sys/class/tty/ttyS7/dev
/sys/class/tty/ttyS6/dev
/sys/class/tty/ttyS5/dev
/sys/class/tty/ttyS4/dev
/sys/class/tty/ttyS3/dev
/sys/class/tty/ttyS2/dev
/sys/class/tty/ttyS1/dev
/sys/class/tty/ttyS0/dev
/sys/class/tty/tty63/dev
/sys/class/tty/tty62/dev
/sys/class/tty/tty61/dev
/sys/class/tty/tty60/dev
/sys/class/tty/tty59/dev
/sys/class/tty/tty58/dev
/sys/class/tty/tty57/dev
/sys/class/tty/tty56/dev
/sys/class/tty/tty55/dev
/sys/class/tty/tty54/dev
/sys/class/tty/tty53/dev
/sys/class/tty/tty52/dev
/sys/class/tty/tty51/dev
/sys/class/tty/tty50/dev
/sys/class/tty/tty49/dev
/sys/class/tty/tty48/dev
/sys/class/tty/tty47/dev
/sys/class/tty/tty46/dev
/sys/class/tty/tty45/dev
/sys/class/tty/tty44/dev
/sys/class/tty/tty43/dev
/sys/class/tty/tty42/dev
/sys/class/tty/tty41/dev
/sys/class/tty/tty40/dev
/sys/class/tty/tty39/dev
/sys/class/tty/tty38/dev
/sys/class/tty/tty37/dev
/sys/class/tty/tty36/dev
/sys/class/tty/tty35/dev
/sys/class/tty/tty34/dev
/sys/class/tty/tty33/dev
/sys/class/tty/tty32/dev
/sys/class/tty/tty31/dev
/sys/class/tty/tty30/dev
/sys/class/tty/tty29/dev
/sys/class/tty/tty28/dev
/sys/class/tty/tty27/dev
/sys/class/tty/tty26/dev
/sys/class/tty/tty25/dev
/sys/class/tty/tty24/dev
/sys/class/tty/tty23/dev
/sys/class/tty/tty22/dev
/sys/class/tty/tty21/dev
/sys/class/tty/tty20/dev
/sys/class/tty/tty19/dev
/sys/class/tty/tty18/dev
/sys/class/tty/tty17/dev
/sys/class/tty/tty16/dev
/sys/class/tty/tty15/dev
/sys/class/tty/tty14/dev
/sys/class/tty/tty13/dev
/sys/class/tty/tty12/dev
/sys/class/tty/tty11/dev
/sys/class/tty/tty10/dev
/sys/class/tty/tty9/dev
/sys/class/tty/tty8/dev
/sys/class/tty/tty7/dev
/sys/class/tty/tty6/dev
/sys/class/tty/tty5/dev
/sys/class/tty/tty4/dev
/sys/class/tty/tty3/dev
/sys/class/tty/tty2/dev
/sys/class/tty/tty1/dev
/sys/class/tty/tty0/dev
/sys/class/tty/ptmx/dev
/sys/class/tty/console/dev
/sys/class/tty/tty/dev
/dev
/initrd/dev
/proc/sys/dev
/proc/net/dev
/lib/modules/2.6.5-1.358/build/include/config/dev
/lib/modules/2.6.5-1.358/build/include/config/video/dev
/lib/modules/2.6.5-1.358/build/include/config/chr/dev
/lib/modules/2.6.5-1.358/build/include/config/blk/dev
/usr/X11R6/lib/X11/xkb/symbols/dev
/usr/X11R6/lib/X11/xkb/symbols/pc/dev
